[debug] [2023-07-25T09:10:26.405Z] ----------------------------------------------------------------------
[debug] [2023-07-25T09:10:26.406Z] Command:       /home/designer/.nvm/versions/node/v18.15.0/bin/node /home/designer/.nvm/versions/node/v18.15.0/bin/firebase init
[debug] [2023-07-25T09:10:26.407Z] CLI Version:   12.4.5
[debug] [2023-07-25T09:10:26.407Z] Platform:      linux
[debug] [2023-07-25T09:10:26.407Z] Node Version:  v18.15.0
[debug] [2023-07-25T09:10:26.407Z] Time:          Tue Jul 25 2023 13:10:26 GMT+0400 (Georgia Standard Time)
[debug] [2023-07-25T09:10:26.407Z] ----------------------------------------------------------------------
[debug] 
[debug] [2023-07-25T09:10:26.411Z] > command requires scopes: ["email","openid","https://www.googleapis.com/auth/cloudplatformprojects.readonly","https://www.googleapis.com/auth/firebase","https://www.googleapis.com/auth/cloud-platform"]
[debug] [2023-07-25T09:10:26.411Z] > authorizing via signed-in user (s2000promax@gmail.com)
[info] 
     ######## #### ########  ######## ########     ###     ######  ########
     ##        ##  ##     ## ##       ##     ##  ##   ##  ##       ##
     ######    ##  ########  ######   ########  #########  ######  ######
     ##        ##  ##    ##  ##       ##     ## ##     ##       ## ##
     ##       #### ##     ## ######## ########  ##     ##  ######  ########

You're about to initialize a Firebase project in this directory:

  /home/designer/github/angular-shop

[info] 
=== Project Setup
[info] 
[info] First, let's associate this project directory with a Firebase project.
[info] You can create multiple project aliases by running firebase use --add, 
[info] but for now we'll just set up a default project.
[info] 
[debug] [2023-07-25T09:10:31.519Z] > refreshing access token with scopes: []
[debug] [2023-07-25T09:10:31.526Z] >>> [apiv2][query] POST https://www.googleapis.com/oauth2/v3/token [none]
[debug] [2023-07-25T09:10:31.527Z] >>> [apiv2][body] POST https://www.googleapis.com/oauth2/v3/token [omitted]
[debug] [2023-07-25T09:10:31.820Z] <<< [apiv2][status] POST https://www.googleapis.com/oauth2/v3/token 400
[debug] [2023-07-25T09:10:31.820Z] <<< [apiv2][body] POST https://www.googleapis.com/oauth2/v3/token [omitted]
[debug] [2023-07-25T09:10:31.822Z] >>> [apiv2][query] GET https://firebase.googleapis.com/v1beta1/projects pageSize=100
[debug] [2023-07-25T09:10:32.074Z] <<< [apiv2][status] GET https://firebase.googleapis.com/v1beta1/projects 401
[debug] [2023-07-25T09:10:32.075Z] <<< [apiv2][body] GET https://firebase.googleapis.com/v1beta1/projects [omitted]
[debug] [2023-07-25T09:10:32.076Z] HTTP Error: 401, Request had invalid authentication credentials. Expected OAuth 2 access token, login cookie or other valid authentication credential. See https://developers.google.com/identity/sign-in/web/devconsole-project.
[debug] [2023-07-25T09:10:32.299Z] FirebaseError: HTTP Error: 401, Request had invalid authentication credentials. Expected OAuth 2 access token, login cookie or other valid authentication credential. See https://developers.google.com/identity/sign-in/web/devconsole-project.
    at responseToError (/home/designer/.nvm/versions/node/v18.15.0/lib/node_modules/firebase-tools/lib/responseToError.js:49:12)
    at RetryOperation._fn (/home/designer/.nvm/versions/node/v18.15.0/lib/node_modules/firebase-tools/lib/apiv2.js:285:77)
    at process.processTicksAndRejections (node:internal/process/task_queues:95:5)
[error] 
[error] Error: Failed to list Firebase projects. See firebase-debug.log for more info.
